<?xml version="1.0" encoding="UTF-8"?>
<!-- Generated by org.testng.reporters.JUnitReportReporter -->
<testsuite hostname="LAPTOP-D78H200V" failures="0" tests="1" name="Runner.runner_file" time="52.296" errors="0" timestamp="27 Nov 2022 16:29:05 GMT">
  <testcase classname="Runner.runner_file" name="runScenario" time="52.296"/>
</testsuite> <!-- Runner.runner_file -->
