<?xml version="1.0" encoding="UTF-8"?>
<!-- Generated by org.testng.reporters.JUnitReportReporter -->
<testsuite hostname="LAPTOP-D78H200V" failures="0" tests="1" name="Package_MXPlayer.Code_file" time="61.447" errors="0" timestamp="28 Nov 2022 15:38:52 GMT">
  <testcase classname="Package_MXPlayer.Code_file" name="MXPlayer_testcase" time="61.447"/>
</testsuite> <!-- Package_MXPlayer.Code_file -->
